Traceback (most recent call last):
  File "iotutil.py", line 14, in <module>
    time.sleep(4)
KeyboardInterrupt
Traceback (most recent call last):
  File "iotutil.py", line 14, in <module>
    time.sleep(4)
KeyboardInterrupt
Traceback (most recent call last):
  File "iotutil.py", line 14, in <module>
    time.sleep(4)
KeyboardInterrupt
Traceback (most recent call last):
  File "iotutil.py", line 14, in <module>
    time.sleep(4)
KeyboardInterrupt
Traceback (most recent call last):
  File "iotutil.py", line 14, in <module>
    time.sleep(4)
KeyboardInterrupt
Traceback (most recent call last):
  File "iotutil.py", line 14, in <module>
    time.sleep(4)
KeyboardInterrupt
Traceback (most recent call last):
  File "iotutil.py", line 7, in <module>
    t = 19+randrange(0.5)
  File "/usr/lib/python2.7/random.py", line 189, in randrange
    raise ValueError, "non-integer arg 1 for randrange()"
ValueError: non-integer arg 1 for randrange()
Traceback (most recent call last):
  File "iotutil.py", line 14, in <module>
    logging.info('Temp={0:0.1f} C and Humidity={1:0.1f}% and CPU_Temp={2:0.1f} and ot={3:0.1f} and oh={4:0.1f}%'.format(t, h, CPUc, outsideTemp, outsideHumid))
KeyboardInterrupt
Traceback (most recent call last):
  File "iotutil.py", line 15, in <module>
    time.sleep(4)
KeyboardInterrupt
python: can't open file 'iotuil.py': [Errno 2] No such file or directory
python: can't open file 'iotuil.py': [Errno 2] No such file or directory
python: can't open file 'iotuil.py': [Errno 2] No such file or directory
Traceback (most recent call last):
  File "iotutil.py", line 15, in <module>
    time.sleep(4)
KeyboardInterrupt
Traceback (most recent call last):
  File "iotutil.py", line 15, in <module>
    time.sleep(4)
KeyboardInterrupt
Traceback (most recent call last):
  File "iotutil.py", line 15, in <module>
    time.sleep(4)
KeyboardInterrupt
Traceback (most recent call last):
  File "iotutil.py", line 15, in <module>
    time.sleep(4)
KeyboardInterrupt
Traceback (most recent call last):
  File "iotutil.py", line 15, in <module>
    time.sleep(4)
KeyboardInterrupt
Traceback (most recent call last):
  File "iotutil.py", line 15, in <module>
    time.sleep(4)
KeyboardInterrupt
Traceback (most recent call last):
  File "iotutil.py", line 15, in <module>
    time.sleep(4)
KeyboardInterrupt
Traceback (most recent call last):
  File "iotutil.py", line 15, in <module>
    time.sleep(4)
KeyboardInterrupt
0.0
0.0
0.0
Traceback (most recent call last):
  File "iotutil.py", line 24, in <module>
    time.sleep(1)
KeyboardInterrupt
0.0
0.0
0.0
0.0
0.0
0.11
0.11
0.11
0.11
0.11
0.11
0.11
0.11
0.15
0.15
0.15
0.15
0.15
0.15
0.15
0.15
0.15
0.15
0.15
0.15
0.15
0.15
0.15
0.15
0.13
0.13
0.13
0.13
0.13
0.13
0.13
0.13
0.19
0.19
0.19
0.19
0.19
0.19
0.19
0.19
0.1
0.1
0.1
0.1
0.1
0.1
0.1
0.1
0.11
0.11
0.11
0.11
0.11
0.11
0.11
0.11
0.15
0.15
0.15
0.15
0.15
0.15
0.15
0.15
0.16
0.16
0.16
0.16
0.16
0.16
0.16
0.16
0.14
0.14
0.14
0.14
0.14
0.14
0.14
0.14
0.14
0.14
0.14
0.14
0.14
0.07
0.07
0.07
0.07
0.07
0.07
0.07
0.07
0.06
0.06
0.06
0.06
0.06
0.06
0.06
0.06
0.08
0.08
0.08
0.08
0.08
0.08
0.08
0.08
0.1
0.1
0.1
0.1
0.1
0.1
0.1
0.1
0.09
0.09
0.09
0.09
0.09
0.09
0.09
0.09
0.09
0.09
0.09
0.09
0.09
0.09
0.09
0.09
0.08
0.08
0.08
0.08
0.08
0.08
0.08
0.08
0.19
0.19
0.19
0.19
0.19
0.19
0.19
0.19
0.26
0.26
0.26
0.26
0.26
0.26
0.26
0.26
0.23
0.23
0.23
0.23
0.23
0.23
0.23
0.23
0.23
0.23
0.43
0.43
0.43
0.43
0.43
0.43
0.43
0.43
0.42
0.42
0.42
0.42
0.42
0.42
0.42
0.42
0.36
0.36
0.36
0.36
0.36
0.36
0.36
0.36
0.43
0.43
0.43
0.43
0.43
0.43
0.43
0.43
0.68
0.68
0.68
0.68
0.68
0.68
0.68
0.68
2.14
2.14
2.14
2.14
2.14
2.14
2.14
2.14
2.55
2.55
2.55
2.55
2.55
2.55
2.55
2.55
2.76
2.76
2.76
2.76
2.76
2.76
2.76
2.76
1.85
1.85
1.85
1.85
1.85
1.85
1.85
1.85
1.56
1.56
1.56
1.56
1.56
1.56
1.56
1.56
1.56
0.17
0.17
0.17
0.17
0.17
0.17
0.17
0.17
0.18
0.18
0.18
0.18
0.18
0.18
0.18
0.18
0.2
0.2
0.2
0.2
0.2
0.2
0.2
0.2
0.3
0.3
0.3
0.3
0.3
0.3
0.3
0.3
0.36
0.36
0.36
0.36
0.36
0.36
0.36
0.36
0.34
0.34
0.34
0.34
0.34
0.34
0.34
0.34
0.32
0.32
0.32
0.32
0.32
0.32
0.32
0.32
0.28
0.28
0.28
0.28
0.28
0.28
0.28
0.28
0.27
0.27
0.27
0.27
0.27
0.27
0.27
0.27
0.29
0.29
0.29
0.29
0.29
0.29
0.29
0.29
0.24
0.24
0.24
0.24
0.5
0.5
0.5
0.5
0.5
0.5
0.5
0.5
0.46
0.46
0.46
0.46
0.46
0.46
0.46
0.46
0.42
0.42
0.42
0.42
0.42
0.42
0.42
0.42
0.3
0.3
0.3
0.3
0.3
0.3
0.3
0.3
0.4
0.4
0.4
0.4
0.4
0.4
0.4
0.4
0.46
0.46
0.46
0.46
0.46
0.46
0.46
0.46
0.65
0.65
0.65
0.65
0.65
0.65
0.65
0.65
0.63
0.63
0.63
0.63
0.63
0.63
0.63
0.63
0.83
0.83
0.83
0.83
0.83
0.83
0.83
0.83
0.99
0.99
0.99
0.99
0.99
0.99
0.99
0.99
1.12
1.12
1.12
1.12
1.12
1.12
1.12
0.07
0.07
0.07
0.07
0.07
0.07
0.07
0.07
0.05
0.05
0.05
0.05
0.05
0.05
0.05
0.05
0.09
0.09
0.09
0.09
0.09
0.09
0.09
0.09
0.08
0.08
0.08
0.08
0.08
0.08
0.08
0.08
0.07
0.07
0.07
0.07
0.07
0.07
0.07
0.07
0.05
0.05
0.05
0.05
0.05
0.05
0.05
0.05
0.04
0.04
0.04
0.04
0.04
0.04
0.04
0.04
0.0
0.0
0.0
0.0
0.0
0.0
0.0
0.0
0.05
0.05
0.05
0.05
0.05
0.05
0.05
0.05
0.05
0.05
0.05
0.05
0.05
0.05
0.05
0.52
0.52
0.52
Traceback (most recent call last):
  File "iotutil.py", line 24, in <module>
    time.sleep(1)
KeyboardInterrupt
0.0
0.0
1.63
1.63
1.63
1.63
1.63
1.63
1.63
1.63
1.69
1.69
1.69
1.69
1.69
1.69
1.69
1.69
Traceback (most recent call last):
  File "iotutil.py", line 24, in <module>
    time.sleep(1)
KeyboardInterrupt
0.0
0.0
0.13
0.13
0.13
0.13
0.13
0.13
0.13
0.13
0.06
0.06
0.06
0.06
0.06
0.06
0.06
0.06
0.06
0.06
0.06
0.06
0.06
0.06
0.06
0.06
0.09
0.09
0.09
0.09
0.09
0.09
0.09
0.09
0.21
0.21
0.21
0.21
0.21
0.21
0.21
0.21
0.28
0.28
0.28
0.28
0.28
0.28
0.28
0.28
0.28
0.28
0.28
0.28
0.28
0.28
0.28
0.28
0.36
0.36
0.36
0.36
0.36
0.36
0.36
0.36
0.57
0.57
0.57
0.57
0.57
0.57
0.57
0.57
0.81
0.81
0.81
0.81
0.81
0.81
0.81
0.81
2.36
2.36
2.36
2.36
2.36
3.68
3.68
3.68
3.68
3.68
3.68
3.68
3.68
3.71
3.71
3.71
3.71
3.71
3.71
3.71
3.71
3.93
3.93
3.93
3.93
3.93
3.93
3.93
3.93
1.44
1.44
1.44
1.44
1.44
1.44
1.44
1.44
0.94
0.94
0.94
0.94
0.94
0.94
0.94
0.94
0.32
0.32
0.32
0.32
0.32
0.32
0.32
0.32
0.35
0.35
0.35
0.35
0.35
0.35
0.35
0.35
0.46
0.46
0.46
0.46
0.46
0.46
0.46
0.46
0.78
0.78
0.78
0.78
0.78
0.78
0.78
0.78
1.07
1.07
1.07
1.07
1.07
1.07
1.07
1.07
1.07
1.07
0.1
0.1
0.1
0.1
0.1
0.1
0.1
0.1
0.08
0.08
0.08
0.08
0.08
0.08
0.08
0.08
0.07
0.07
0.07
0.07
0.07
0.07
0.07
0.07
0.05
0.05
0.05
0.05
0.05
0.05
0.05
0.05
0.06
0.06
0.06
0.06
0.06
0.06
0.06
0.06
0.04
0.04
0.04
0.04
0.04
0.04
0.04
0.04
0.06
0.06
0.06
0.06
0.06
0.06
0.06
0.06
0.06
0.06
0.06
0.06
0.06
0.06
0.06
0.06
0.05
0.05
0.05
0.05
0.05
0.05
0.05
0.05
0.06
0.06
0.06
0.06
0.06
0.06
0.06
0.06
0.06
0.06
0.06
0.06
0.06
0.26
0.26
0.26
0.26
0.26
0.26
0.26
0.26
0.34
0.34
0.34
0.34
0.34
0.34
0.34
0.34
0.35
0.35
0.35
0.35
0.35
0.35
0.35
0.35
0.33
0.33
0.33
0.33
0.33
0.33
0.33
0.33
0.24
0.24
0.24
0.24
0.24
0.24
0.24
0.24
0.16
0.16
0.16
0.16
0.16
0.16
0.16
0.16
0.09
0.09
0.09
0.09
0.09
0.09
0.09
0.09
0.19
0.19
0.19
0.19
0.19
0.19
0.19
0.19
0.18
0.18
0.18
0.18
0.18
0.18
0.18
0.18
0.17
0.17
0.17
0.17
0.17
0.17
0.17
0.17
0.17
0.17
0.17
0.17
0.45
0.45
0.45
0.45
0.45
0.45
0.45
0.45
0.31
0.31
0.31
0.31
0.31
0.31
0.31
0.31
0.18
0.18
0.18
0.18
0.18
0.18
0.18
0.18
0.05
0.05
0.05
0.05
0.05
0.05
0.05
0.05
0.06
0.06
0.06
0.06
0.06
0.06
0.06
0.06
0.07
0.07
0.07
0.07
0.07
0.07
0.07
0.07
0.09
0.09
0.09
0.09
0.09
0.09
0.09
0.09
0.1
0.1
0.1
0.1
0.1
0.1
0.1
0.1
0.09
0.09
0.09
0.09
0.09
0.09
0.09
0.09
0.07
0.07
0.07
0.07
0.07
0.07
0.07
0.07
0.07
0.07
0.13
0.13
0.13
0.13
0.13
0.13
0.13
0.13
0.04
0.04
0.04
0.04
0.04
0.04
0.04
0.04
0.02
0.02
0.02
0.02
0.02
0.02
0.02
0.02
0.05
0.05
0.05
0.05
0.05
0.05
0.05
0.05
0.08
0.08
0.08
Traceback (most recent call last):
  File "iotutil.py", line 24, in <module>
    time.sleep(1)
KeyboardInterrupt
